H:\Projects\IMU\WindowsSerialPortForIMU_UART_TTL\Debug\imuDataGet.exe
H:\Projects\IMU\WindowsSerialPortForIMU_UART_TTL\Debug\imuDataGet.ilk
H:\Projects\IMU\WindowsSerialPortForIMU_UART_TTL\Debug\imuDataGet.pdb
H:\Projects\IMU\WindowsSerialPortForIMU_UART_TTL\imuDataGet\Debug\cl.command.1.tlog
H:\Projects\IMU\WindowsSerialPortForIMU_UART_TTL\imuDataGet\Debug\CL.read.1.tlog
H:\Projects\IMU\WindowsSerialPortForIMU_UART_TTL\imuDataGet\Debug\CL.write.1.tlog
H:\Projects\IMU\WindowsSerialPortForIMU_UART_TTL\imuDataGet\Debug\Com.obj
H:\Projects\IMU\WindowsSerialPortForIMU_UART_TTL\imuDataGet\Debug\imudata_class.obj
H:\Projects\IMU\WindowsSerialPortForIMU_UART_TTL\imuDataGet\Debug\imuDataGet.exe.embed.manifest
H:\Projects\IMU\WindowsSerialPortForIMU_UART_TTL\imuDataGet\Debug\imuDataGet.exe.embed.manifest.res
H:\Projects\IMU\WindowsSerialPortForIMU_UART_TTL\imuDataGet\Debug\imuDataGet.exe.intermediate.manifest
H:\Projects\IMU\WindowsSerialPortForIMU_UART_TTL\imuDataGet\Debug\imuDataGet.vcxprojResolveAssemblyReference.cache
H:\Projects\IMU\WindowsSerialPortForIMU_UART_TTL\imuDataGet\Debug\imuDataGet.write.1.tlog
H:\Projects\IMU\WindowsSerialPortForIMU_UART_TTL\imuDataGet\Debug\imuDataGet_manifest.rc
H:\Projects\IMU\WindowsSerialPortForIMU_UART_TTL\imuDataGet\Debug\JY901.obj
H:\Projects\IMU\WindowsSerialPortForIMU_UART_TTL\imuDataGet\Debug\link.1048.read.1.tlog
H:\Projects\IMU\WindowsSerialPortForIMU_UART_TTL\imuDataGet\Debug\link.1048.write.1.tlog
H:\Projects\IMU\WindowsSerialPortForIMU_UART_TTL\imuDataGet\Debug\link.1048-cvtres.read.1.tlog
H:\Projects\IMU\WindowsSerialPortForIMU_UART_TTL\imuDataGet\Debug\link.1048-cvtres.write.1.tlog
H:\Projects\IMU\WindowsSerialPortForIMU_UART_TTL\imuDataGet\Debug\link.4452.read.1.tlog
H:\Projects\IMU\WindowsSerialPortForIMU_UART_TTL\imuDataGet\Debug\link.4452.write.1.tlog
H:\Projects\IMU\WindowsSerialPortForIMU_UART_TTL\imuDataGet\Debug\link.4452-cvtres.read.1.tlog
H:\Projects\IMU\WindowsSerialPortForIMU_UART_TTL\imuDataGet\Debug\link.4452-cvtres.write.1.tlog
H:\Projects\IMU\WindowsSerialPortForIMU_UART_TTL\imuDataGet\Debug\link.6196.read.1.tlog
H:\Projects\IMU\WindowsSerialPortForIMU_UART_TTL\imuDataGet\Debug\link.6196.write.1.tlog
H:\Projects\IMU\WindowsSerialPortForIMU_UART_TTL\imuDataGet\Debug\link.6196-cvtres.read.1.tlog
H:\Projects\IMU\WindowsSerialPortForIMU_UART_TTL\imuDataGet\Debug\link.6196-cvtres.write.1.tlog
H:\Projects\IMU\WindowsSerialPortForIMU_UART_TTL\imuDataGet\Debug\link.8704.read.1.tlog
H:\Projects\IMU\WindowsSerialPortForIMU_UART_TTL\imuDataGet\Debug\link.8704.write.1.tlog
H:\Projects\IMU\WindowsSerialPortForIMU_UART_TTL\imuDataGet\Debug\link.8704-cvtres.read.1.tlog
H:\Projects\IMU\WindowsSerialPortForIMU_UART_TTL\imuDataGet\Debug\link.8704-cvtres.write.1.tlog
H:\Projects\IMU\WindowsSerialPortForIMU_UART_TTL\imuDataGet\Debug\link.8972.read.1.tlog
H:\Projects\IMU\WindowsSerialPortForIMU_UART_TTL\imuDataGet\Debug\link.8972.write.1.tlog
H:\Projects\IMU\WindowsSerialPortForIMU_UART_TTL\imuDataGet\Debug\link.8972-cvtres.read.1.tlog
H:\Projects\IMU\WindowsSerialPortForIMU_UART_TTL\imuDataGet\Debug\link.8972-cvtres.write.1.tlog
H:\Projects\IMU\WindowsSerialPortForIMU_UART_TTL\imuDataGet\Debug\link.9124.read.1.tlog
H:\Projects\IMU\WindowsSerialPortForIMU_UART_TTL\imuDataGet\Debug\link.9124.write.1.tlog
H:\Projects\IMU\WindowsSerialPortForIMU_UART_TTL\imuDataGet\Debug\link.9124-cvtres.read.1.tlog
H:\Projects\IMU\WindowsSerialPortForIMU_UART_TTL\imuDataGet\Debug\link.9124-cvtres.write.1.tlog
H:\Projects\IMU\WindowsSerialPortForIMU_UART_TTL\imuDataGet\Debug\link.command.1.tlog
H:\Projects\IMU\WindowsSerialPortForIMU_UART_TTL\imuDataGet\Debug\link.read.1.tlog
H:\Projects\IMU\WindowsSerialPortForIMU_UART_TTL\imuDataGet\Debug\link.write.1.tlog
H:\Projects\IMU\WindowsSerialPortForIMU_UART_TTL\imuDataGet\Debug\link-cvtres.read.1.tlog
H:\Projects\IMU\WindowsSerialPortForIMU_UART_TTL\imuDataGet\Debug\link-cvtres.write.1.tlog
H:\Projects\IMU\WindowsSerialPortForIMU_UART_TTL\imuDataGet\Debug\mt.command.1.tlog
H:\Projects\IMU\WindowsSerialPortForIMU_UART_TTL\imuDataGet\Debug\mt.read.1.tlog
H:\Projects\IMU\WindowsSerialPortForIMU_UART_TTL\imuDataGet\Debug\mt.write.1.tlog
H:\Projects\IMU\WindowsSerialPortForIMU_UART_TTL\imuDataGet\Debug\rc.command.1.tlog
H:\Projects\IMU\WindowsSerialPortForIMU_UART_TTL\imuDataGet\Debug\rc.read.1.tlog
H:\Projects\IMU\WindowsSerialPortForIMU_UART_TTL\imuDataGet\Debug\rc.write.1.tlog
H:\Projects\IMU\WindowsSerialPortForIMU_UART_TTL\imuDataGet\Debug\Test.obj
H:\Projects\IMU\WindowsSerialPortForIMU_UART_TTL\imuDataGet\Debug\vc100.idb
H:\Projects\IMU\WindowsSerialPortForIMU_UART_TTL\imuDataGet\Debug\vc100.pdb
H:\PROJECTS\IMUDATAGET\IMUDATAGET\DEBUG\IMUDATAGET.EXE
H:\PROJECTS\IMUDATAGET\IMUDATAGET\DEBUG\IMUDATAGET.ILK
H:\PROJECTS\IMUDATAGET\IMUDATAGET\DEBUG\IMUDATAGET.PDB
H:\PROJECTS\IMUDATAGET\IMUDATAGET\IMUDATAGET\DEBUG\COM.OBJ
H:\PROJECTS\IMUDATAGET\IMUDATAGET\IMUDATAGET\DEBUG\IMUDATA_CLASS.OBJ
H:\PROJECTS\IMUDATAGET\IMUDATAGET\IMUDATAGET\DEBUG\IMUDATAGET.EXE.EMBED.MANIFEST
H:\PROJECTS\IMUDATAGET\IMUDATAGET\IMUDATAGET\DEBUG\IMUDATAGET.EXE.EMBED.MANIFEST.RES
H:\PROJECTS\IMUDATAGET\IMUDATAGET\IMUDATAGET\DEBUG\IMUDATAGET.EXE.INTERMEDIATE.MANIFEST
H:\PROJECTS\IMUDATAGET\IMUDATAGET\IMUDATAGET\DEBUG\JY901.OBJ
H:\PROJECTS\IMUDATAGET\IMUDATAGET\IMUDATAGET\DEBUG\TEST.OBJ
H:\PROJECTS\IMUDATAGET\IMUDATAGET\IMUDATAGET\DEBUG\VC100.PDB
