生成启动时间为 2018/8/10 23:10:28。
     1>项目“H:\Projects\IMU\WindowsSerialPortForIMU_UART_TTL\imuDataGet\imuDataGet.vcxproj”在节点 2 上(rebuild 个目标)。
     1>_PrepareForClean:
         正在删除文件“Debug\imuDataGet.lastbuildstate”。
       InitializeBuildStatus:
         正在创建“Debug\imuDataGet.unsuccessfulbuild”，因为已指定“AlwaysCreate”。
       ClCompile:
         C:\Program Files (x86)\Microsoft Visual Studio 10.0\VC\bin\CL.exe /c /ZI /nologo /W3 /WX- /Od /Oy- /D WIN32 /D _DEBUG /D _CONSOLE /D GLUT_BUILDING_LIB /D _UNICODE /D UNICODE /Gm /EHsc /RTC1 /MDd /GS /fp:precise /Zc:wchar_t /Zc:forScope /Fo"Debug\\" /Fd"Debug\vc100.pdb" /Gd /TP /analyze- /errorReport:prompt Com.cpp imudata_class.cpp JY901.cpp Test.cpp
         Test.cpp
     1>h:\projects\imu\windowsserialportforimu_uart_ttl\imudataget\test.cpp(47): warning C4244: “参数”: 从“unsigned long”转换到“unsigned char”，可能丢失数据
     1>h:\projects\imu\windowsserialportforimu_uart_ttl\imudataget\test.cpp(86): warning C4244: “参数”: 从“unsigned long”转换到“unsigned char”，可能丢失数据
         JY901.cpp
     1>h:\projects\imu\windowsserialportforimu_uart_ttl\imudataget\jy901.cpp(17): warning C4101: “index”: 未引用的局部变量
         imudata_class.cpp
         Com.cpp
     1>h:\projects\imu\windowsserialportforimu_uart_ttl\imudataget\com.cpp(213): warning C4996: '_itow': This function or variable may be unsafe. Consider using _itow_s instead. To disable deprecation, use _CRT_SECURE_NO_WARNINGS. See online help for details.
                 c:\program files (x86)\microsoft visual studio 10.0\vc\include\wchar.h(866) : 参见“_itow”的声明
     1>h:\projects\imu\windowsserialportforimu_uart_ttl\imudataget\com.cpp(214): warning C4996: 'wcscat': This function or variable may be unsafe. Consider using wcscat_s instead. To disable deprecation, use _CRT_SECURE_NO_WARNINGS. See online help for details.
                 c:\program files (x86)\microsoft visual studio 10.0\vc\include\wchar.h(981) : 参见“wcscat”的声明
     1>h:\projects\imu\windowsserialportforimu_uart_ttl\imudataget\com.cpp(223): warning C4334: “<<”: 32 位移位的结果被隐式转换为 64 位(是否希望进行 64 位移位?)
     1>h:\projects\imu\windowsserialportforimu_uart_ttl\imudataget\com.cpp(275): warning C4334: “<<”: 32 位移位的结果被隐式转换为 64 位(是否希望进行 64 位移位?)
     1>h:\projects\imu\windowsserialportforimu_uart_ttl\imudataget\com.cpp(327): warning C4309: “初始化”: 截断常量值
     1>h:\projects\imu\windowsserialportforimu_uart_ttl\imudataget\com.cpp(328): warning C4309: “初始化”: 截断常量值
     1>h:\projects\imu\windowsserialportforimu_uart_ttl\imudataget\com.cpp(354): warning C4244: “参数”: 从“unsigned long”转换到“unsigned char”，可能丢失数据
         正在生成代码...
       ManifestResourceCompile:
         C:\Program Files (x86)\Microsoft SDKs\Windows\v7.0A\bin\rc.exe /nologo /fo"Debug\imuDataGet.exe.embed.manifest.res" Debug\imuDataGet_manifest.rc 
       Link:
         C:\Program Files (x86)\Microsoft Visual Studio 10.0\VC\bin\link.exe /ERRORREPORT:PROMPT /OUT:"H:\Projects\IMU\WindowsSerialPortForIMU_UART_TTL\Debug\imuDataGet.exe" /INCREMENTAL /NOLOGO libARgsub_lited.lib libARgsubUtild.lib libARvrmld.lib libARMultid.lib libARd.lib libARvideod.lib libARgsubd.lib glut32.lib Opengl32.lib Glu32.lib glew32.lib opengl.lib glu.lib glut.lib GLAUX.LIB libAR.lib libARgsub_lite.lib libARgsubUtil.lib libARMulti.lib libARvideo.lib libARvrml.lib kernel32.lib user32.lib gdi32.lib winspool.lib comdlg32.lib advapi32.lib shell32.lib ole32.lib oleaut32.lib uuid.lib odbc32.lib odbccp32.lib /MANIFEST /ManifestFile:"Debug\imuDataGet.exe.intermediate.manifest" /MANIFESTUAC:"level='asInvoker' uiAccess='false'" /DEBUG /PDB:"H:\Projects\IMU\WindowsSerialPortForIMU_UART_TTL\Debug\imuDataGet.pdb" /SUBSYSTEM:CONSOLE /TLBID:1 /DYNAMICBASE /NXCOMPAT /IMPLIB:"H:\Projects\IMU\WindowsSerialPortForIMU_UART_TTL\Debug\imuDataGet.lib" /MACHINE:X86 Debug\imuDataGet.exe.embed.manifest.res
         Debug\Com.obj
         Debug\imudata_class.obj
         Debug\JY901.obj
         Debug\Test.obj
       Manifest:
         正在删除文件“Debug\imuDataGet.exe.embed.manifest”。
         C:\Program Files (x86)\Microsoft SDKs\Windows\v7.0A\bin\mt.exe /nologo /verbose /out:"Debug\imuDataGet.exe.embed.manifest" /manifest Debug\imuDataGet.exe.intermediate.manifest
         C:\Program Files (x86)\Microsoft SDKs\Windows\v7.0A\bin\rc.exe /nologo /fo"Debug\imuDataGet.exe.embed.manifest.res" Debug\imuDataGet_manifest.rc 
       LinkEmbedManifest:
         C:\Program Files (x86)\Microsoft Visual Studio 10.0\VC\bin\link.exe /ERRORREPORT:PROMPT /OUT:"H:\Projects\IMU\WindowsSerialPortForIMU_UART_TTL\Debug\imuDataGet.exe" /INCREMENTAL /NOLOGO libARgsub_lited.lib libARgsubUtild.lib libARvrmld.lib libARMultid.lib libARd.lib libARvideod.lib libARgsubd.lib glut32.lib Opengl32.lib Glu32.lib glew32.lib opengl.lib glu.lib glut.lib GLAUX.LIB libAR.lib libARgsub_lite.lib libARgsubUtil.lib libARMulti.lib libARvideo.lib libARvrml.lib kernel32.lib user32.lib gdi32.lib winspool.lib comdlg32.lib advapi32.lib shell32.lib ole32.lib oleaut32.lib uuid.lib odbc32.lib odbccp32.lib /MANIFEST /ManifestFile:"Debug\imuDataGet.exe.intermediate.manifest" /MANIFESTUAC:"level='asInvoker' uiAccess='false'" /DEBUG /PDB:"H:\Projects\IMU\WindowsSerialPortForIMU_UART_TTL\Debug\imuDataGet.pdb" /SUBSYSTEM:CONSOLE /TLBID:1 /DYNAMICBASE /NXCOMPAT /IMPLIB:"H:\Projects\IMU\WindowsSerialPortForIMU_UART_TTL\Debug\imuDataGet.lib" /MACHINE:X86 Debug\imuDataGet.exe.embed.manifest.res
         Debug\Com.obj
         Debug\imudata_class.obj
         Debug\JY901.obj
         Debug\Test.obj
         imuDataGet.vcxproj -> H:\Projects\IMU\WindowsSerialPortForIMU_UART_TTL\Debug\imuDataGet.exe
       FinalizeBuildStatus:
         正在删除文件“Debug\imuDataGet.unsuccessfulbuild”。
         正在对“Debug\imuDataGet.lastbuildstate”执行 Touch 任务。
     1>已完成生成项目“H:\Projects\IMU\WindowsSerialPortForIMU_UART_TTL\imuDataGet\imuDataGet.vcxproj”(rebuild 个目标)的操作。

生成成功。

已用时间 00:00:04.26
